h:\c++_client\dx11_3d\assort41_dx11_3d\ar41dx\client3d\binobj_debug\vc143.pdb
h:\c++_client\dx11_3d\assort41_dx11_3d\ar41dx\client3d\binobj_debug\vc143.idb
h:\c++_client\dx11_3d\assort41_dx11_3d\ar41dx\client3d\binobj_debug\unity_t3u6emxly9qcsyhy.obj
h:\c++_client\dx11_3d\assort41_dx11_3d\ar41dx\client3d\binobj_debug\client3d_debug.ilk
h:\c++_client\dx11_3d\assort41_dx11_3d\ar41dx\client3d\bin\client3d_debug.exe
h:\c++_client\dx11_3d\assort41_dx11_3d\ar41dx\client3d\bin\client3d_debug.pdb
h:\c++_client\dx11_3d\assort41_dx11_3d\ar41dx\client3d\binobj_debug\client3d.res
h:\c++_client\dx11_3d\assort41_dx11_3d\ar41dx\client3d\binobj_debug\client3dmanager.obj
h:\c++_client\dx11_3d\assort41_dx11_3d\ar41dx\client3d\binobj_debug\main.obj
h:\c++_client\dx11_3d\assort41_dx11_3d\ar41dx\client3d\binobj_debug\unity_ap2rzt33btz9qv26.obj
h:\c++_client\dx11_3d\assort41_dx11_3d\ar41dx\client3d\binobj_debug\unity_c3jr2c82vsjdvya3.obj
h:\c++_client\dx11_3d\assort41_dx11_3d\ar41dx\client3d\binobj_debug\unity_dhsp0j25iy3pvtqo.obj
h:\c++_client\dx11_3d\assort41_dx11_3d\ar41dx\client3d\binobj_debug\unity_fnk8mp1hy444rq16.obj
h:\c++_client\dx11_3d\assort41_dx11_3d\ar41dx\client3d\binobj_debug\unity_yxtv2lfx0ww1rl10.obj
h:\c++_client\dx11_3d\assort41_dx11_3d\ar41dx\client3d\binobj_debug\../bin/client3d_debug.pdb
h:\c++_client\dx11_3d\assort41_dx11_3d\ar41dx\client3d\binobj_debug\../binobj_debug/client3d.vcxproj.filelistabsolute.txt
h:\c++_client\dx11_3d\assort41_dx11_3d\ar41dx\client3d\binobj_debug\client3d.tlog\cl.command.1.tlog
h:\c++_client\dx11_3d\assort41_dx11_3d\ar41dx\client3d\binobj_debug\client3d.tlog\cl.read.1.tlog
h:\c++_client\dx11_3d\assort41_dx11_3d\ar41dx\client3d\binobj_debug\client3d.tlog\cl.write.1.tlog
h:\c++_client\dx11_3d\assort41_dx11_3d\ar41dx\client3d\binobj_debug\client3d.tlog\link.command.1.tlog
h:\c++_client\dx11_3d\assort41_dx11_3d\ar41dx\client3d\binobj_debug\client3d.tlog\link.read.1.tlog
h:\c++_client\dx11_3d\assort41_dx11_3d\ar41dx\client3d\binobj_debug\client3d.tlog\link.write.1.tlog
h:\c++_client\dx11_3d\assort41_dx11_3d\ar41dx\client3d\binobj_debug\client3d.tlog\rc.command.1.tlog
h:\c++_client\dx11_3d\assort41_dx11_3d\ar41dx\client3d\binobj_debug\client3d.tlog\rc.read.1.tlog
h:\c++_client\dx11_3d\assort41_dx11_3d\ar41dx\client3d\binobj_debug\client3d.tlog\rc.write.1.tlog
