h:\c++_client\dx11_3d\assort41_dx11_3d\ar41dx\ar41engine\bin\ar41engine_debug.pdb
h:\c++_client\dx11_3d\assort41_dx11_3d\ar41dx\ar41engine\bin\ar41engine_debug.idb
h:\c++_client\dx11_3d\assort41_dx11_3d\ar41dx\ar41engine\binobjdebug\unity_awoat2mpemd8v6dc.obj
h:\c++_client\dx11_3d\assort41_dx11_3d\ar41dx\ar41engine\bin\animationupdate.cso
h:\c++_client\dx11_3d\assort41_dx11_3d\ar41dx\ar41engine\bin\collider.cso
h:\c++_client\dx11_3d\assort41_dx11_3d\ar41dx\ar41engine\bin\debug.cso
h:\c++_client\dx11_3d\assort41_dx11_3d\ar41dx\ar41engine\bin\light.cso
h:\c++_client\dx11_3d\assort41_dx11_3d\ar41dx\ar41engine\bin\mesh.cso
h:\c++_client\dx11_3d\assort41_dx11_3d\ar41dx\ar41engine\bin\sky.cso
h:\c++_client\dx11_3d\assort41_dx11_3d\ar41dx\ar41engine\bin\sprite.cso
h:\c++_client\dx11_3d\assort41_dx11_3d\ar41dx\ar41engine\bin\tilemap.cso
h:\c++_client\dx11_3d\assort41_dx11_3d\ar41dx\ar41engine\bin\ui.cso
h:\c++_client\dx11_3d\assort41_dx11_3d\ar41dx\ar41engine\bin\terrain.cso
h:\c++_client\dx11_3d\assort41_dx11_3d\ar41dx\ar41engine\bin\ar41engine_debug.lib
h:\c++_client\dx11_3d\assort41_dx11_3d\ar41dx\ar41engine\binobjdebug\animation2d.obj
h:\c++_client\dx11_3d\assort41_dx11_3d\ar41dx\ar41engine\binobjdebug\animation2dconstantbuffer.obj
h:\c++_client\dx11_3d\assort41_dx11_3d\ar41dx\ar41engine\binobjdebug\animation2ddata.obj
h:\c++_client\dx11_3d\assort41_dx11_3d\ar41dx\ar41engine\binobjdebug\animationmanager.obj
h:\c++_client\dx11_3d\assort41_dx11_3d\ar41dx\ar41engine\binobjdebug\animationsequence2d.obj
h:\c++_client\dx11_3d\assort41_dx11_3d\ar41dx\ar41engine\binobjdebug\blendstate.obj
h:\c++_client\dx11_3d\assort41_dx11_3d\ar41dx\ar41engine\binobjdebug\cameracomponent.obj
h:\c++_client\dx11_3d\assort41_dx11_3d\ar41dx\ar41engine\binobjdebug\cameramanager.obj
h:\c++_client\dx11_3d\assort41_dx11_3d\ar41dx\ar41engine\binobjdebug\collider.obj
h:\c++_client\dx11_3d\assort41_dx11_3d\ar41dx\ar41engine\binobjdebug\collider2d.obj
h:\c++_client\dx11_3d\assort41_dx11_3d\ar41dx\ar41engine\binobjdebug\collider3d.obj
h:\c++_client\dx11_3d\assort41_dx11_3d\ar41dx\ar41engine\binobjdebug\colliderbox2d.obj
h:\c++_client\dx11_3d\assort41_dx11_3d\ar41dx\ar41engine\binobjdebug\colliderconstantbuffer.obj
h:\c++_client\dx11_3d\assort41_dx11_3d\ar41dx\ar41engine\binobjdebug\colliderimageshader.obj
h:\c++_client\dx11_3d\assort41_dx11_3d\ar41dx\ar41engine\binobjdebug\colliderobb2d.obj
h:\c++_client\dx11_3d\assort41_dx11_3d\ar41dx\ar41engine\binobjdebug\colliderpixel.obj
h:\c++_client\dx11_3d\assort41_dx11_3d\ar41dx\ar41engine\binobjdebug\collidershader.obj
h:\c++_client\dx11_3d\assort41_dx11_3d\ar41dx\ar41engine\binobjdebug\collidersphere2d.obj
h:\c++_client\dx11_3d\assort41_dx11_3d\ar41dx\ar41engine\binobjdebug\collisionmanager.obj
h:\c++_client\dx11_3d\assort41_dx11_3d\ar41dx\ar41engine\binobjdebug\collisionsection.obj
h:\c++_client\dx11_3d\assort41_dx11_3d\ar41dx\ar41engine\binobjdebug\collisionsection2d.obj
h:\c++_client\dx11_3d\assort41_dx11_3d\ar41dx\ar41engine\binobjdebug\collisionsection3d.obj
h:\c++_client\dx11_3d\assort41_dx11_3d\ar41dx\ar41engine\binobjdebug\component.obj
h:\c++_client\dx11_3d\assort41_dx11_3d\ar41dx\ar41engine\binobjdebug\computeshader.obj
h:\c++_client\dx11_3d\assort41_dx11_3d\ar41dx\ar41engine\binobjdebug\constantbuffer.obj
h:\c++_client\dx11_3d\assort41_dx11_3d\ar41dx\ar41engine\binobjdebug\constantbufferdata.obj
h:\c++_client\dx11_3d\assort41_dx11_3d\ar41dx\ar41engine\binobjdebug\datastream.obj
h:\c++_client\dx11_3d\assort41_dx11_3d\ar41dx\ar41engine\binobjdebug\depthstencilstate.obj
h:\c++_client\dx11_3d\assort41_dx11_3d\ar41dx\ar41engine\binobjdebug\device.obj
h:\c++_client\dx11_3d\assort41_dx11_3d\ar41dx\ar41engine\binobjdebug\editorbutton.obj
h:\c++_client\dx11_3d\assort41_dx11_3d\ar41dx\ar41engine\binobjdebug\editorcheckbox.obj
h:\c++_client\dx11_3d\assort41_dx11_3d\ar41dx\ar41engine\binobjdebug\editorcombobox.obj
h:\c++_client\dx11_3d\assort41_dx11_3d\ar41dx\ar41engine\binobjdebug\editorgroup.obj
h:\c++_client\dx11_3d\assort41_dx11_3d\ar41dx\ar41engine\binobjdebug\editorguimanager.obj
h:\c++_client\dx11_3d\assort41_dx11_3d\ar41dx\ar41engine\binobjdebug\editorimage.obj
h:\c++_client\dx11_3d\assort41_dx11_3d\ar41dx\ar41engine\binobjdebug\editorinput.obj
h:\c++_client\dx11_3d\assort41_dx11_3d\ar41dx\ar41engine\binobjdebug\editorlabel.obj
h:\c++_client\dx11_3d\assort41_dx11_3d\ar41dx\ar41engine\binobjdebug\editorlistbox.obj
h:\c++_client\dx11_3d\assort41_dx11_3d\ar41dx\ar41engine\binobjdebug\editorsameline.obj
h:\c++_client\dx11_3d\assort41_dx11_3d\ar41dx\ar41engine\binobjdebug\editortext.obj
h:\c++_client\dx11_3d\assort41_dx11_3d\ar41dx\ar41engine\binobjdebug\editorwidget.obj
h:\c++_client\dx11_3d\assort41_dx11_3d\ar41dx\ar41engine\binobjdebug\editorwindow.obj
h:\c++_client\dx11_3d\assort41_dx11_3d\ar41dx\ar41engine\binobjdebug\engine.obj
h:\c++_client\dx11_3d\assort41_dx11_3d\ar41dx\ar41engine\binobjdebug\enginesetting.obj
h:\c++_client\dx11_3d\assort41_dx11_3d\ar41dx\ar41engine\binobjdebug\font.obj
h:\c++_client\dx11_3d\assort41_dx11_3d\ar41dx\ar41engine\binobjdebug\fontcollection.obj
h:\c++_client\dx11_3d\assort41_dx11_3d\ar41dx\ar41engine\binobjdebug\fontmanager.obj
h:\c++_client\dx11_3d\assort41_dx11_3d\ar41dx\ar41engine\binobjdebug\gameobject.obj
h:\c++_client\dx11_3d\assort41_dx11_3d\ar41dx\ar41engine\binobjdebug\graphicshader.obj
h:\c++_client\dx11_3d\assort41_dx11_3d\ar41dx\ar41engine\binobjdebug\imgui.obj
h:\c++_client\dx11_3d\assort41_dx11_3d\ar41dx\ar41engine\binobjdebug\imgui_demo.obj
h:\c++_client\dx11_3d\assort41_dx11_3d\ar41dx\ar41engine\binobjdebug\imgui_draw.obj
h:\c++_client\dx11_3d\assort41_dx11_3d\ar41dx\ar41engine\binobjdebug\imgui_impl_dx11.obj
h:\c++_client\dx11_3d\assort41_dx11_3d\ar41dx\ar41engine\binobjdebug\imgui_impl_win32.obj
h:\c++_client\dx11_3d\assort41_dx11_3d\ar41dx\ar41engine\binobjdebug\imgui_tables.obj
h:\c++_client\dx11_3d\assort41_dx11_3d\ar41dx\ar41engine\binobjdebug\imgui_widgets.obj
h:\c++_client\dx11_3d\assort41_dx11_3d\ar41dx\ar41engine\binobjdebug\input.obj
h:\c++_client\dx11_3d\assort41_dx11_3d\ar41dx\ar41engine\binobjdebug\loadingthread.obj
h:\c++_client\dx11_3d\assort41_dx11_3d\ar41dx\ar41engine\binobjdebug\material.obj
h:\c++_client\dx11_3d\assort41_dx11_3d\ar41dx\ar41engine\binobjdebug\materialconstantbuffer.obj
h:\c++_client\dx11_3d\assort41_dx11_3d\ar41dx\ar41engine\binobjdebug\materialmanager.obj
h:\c++_client\dx11_3d\assort41_dx11_3d\ar41dx\ar41engine\binobjdebug\matrix.obj
h:\c++_client\dx11_3d\assort41_dx11_3d\ar41dx\ar41engine\binobjdebug\mesh.obj
h:\c++_client\dx11_3d\assort41_dx11_3d\ar41dx\ar41engine\binobjdebug\meshmanager.obj
h:\c++_client\dx11_3d\assort41_dx11_3d\ar41dx\ar41engine\binobjdebug\objectcomponent.obj
h:\c++_client\dx11_3d\assort41_dx11_3d\ar41dx\ar41engine\binobjdebug\pathmanager.obj
h:\c++_client\dx11_3d\assort41_dx11_3d\ar41dx\ar41engine\binobjdebug\primitivecomponent.obj
h:\c++_client\dx11_3d\assort41_dx11_3d\ar41dx\ar41engine\binobjdebug\ref.obj
h:\c++_client\dx11_3d\assort41_dx11_3d\ar41dx\ar41engine\binobjdebug\rendermanager.obj
h:\c++_client\dx11_3d\assort41_dx11_3d\ar41dx\ar41engine\binobjdebug\renderstate.obj
h:\c++_client\dx11_3d\assort41_dx11_3d\ar41dx\ar41engine\binobjdebug\renderstatemanager.obj
h:\c++_client\dx11_3d\assort41_dx11_3d\ar41dx\ar41engine\binobjdebug\resourcemanager.obj
h:\c++_client\dx11_3d\assort41_dx11_3d\ar41dx\ar41engine\binobjdebug\scene.obj
h:\c++_client\dx11_3d\assort41_dx11_3d\ar41dx\ar41engine\binobjdebug\scenecollision.obj
h:\c++_client\dx11_3d\assort41_dx11_3d\ar41dx\ar41engine\binobjdebug\scenecomponent.obj
h:\c++_client\dx11_3d\assort41_dx11_3d\ar41dx\ar41engine\binobjdebug\sceneinfo.obj
h:\c++_client\dx11_3d\assort41_dx11_3d\ar41dx\ar41engine\binobjdebug\scenemanager.obj
h:\c++_client\dx11_3d\assort41_dx11_3d\ar41dx\ar41engine\binobjdebug\sceneresource.obj
h:\c++_client\dx11_3d\assort41_dx11_3d\ar41dx\ar41engine\binobjdebug\sceneviewport.obj
h:\c++_client\dx11_3d\assort41_dx11_3d\ar41dx\ar41engine\binobjdebug\shader.obj
h:\c++_client\dx11_3d\assort41_dx11_3d\ar41dx\ar41engine\binobjdebug\shadermanager.obj
h:\c++_client\dx11_3d\assort41_dx11_3d\ar41dx\ar41engine\binobjdebug\sound.obj
h:\c++_client\dx11_3d\assort41_dx11_3d\ar41dx\ar41engine\binobjdebug\soundmanager.obj
h:\c++_client\dx11_3d\assort41_dx11_3d\ar41dx\ar41engine\binobjdebug\spritecolorshader.obj
h:\c++_client\dx11_3d\assort41_dx11_3d\ar41dx\ar41engine\binobjdebug\spritecomponent.obj
h:\c++_client\dx11_3d\assort41_dx11_3d\ar41dx\ar41engine\binobjdebug\spritemesh.obj
h:\c++_client\dx11_3d\assort41_dx11_3d\ar41dx\ar41engine\binobjdebug\spriteshader.obj
h:\c++_client\dx11_3d\assort41_dx11_3d\ar41dx\ar41engine\binobjdebug\structuredbuffer.obj
h:\c++_client\dx11_3d\assort41_dx11_3d\ar41dx\ar41engine\binobjdebug\targetarm.obj
h:\c++_client\dx11_3d\assort41_dx11_3d\ar41dx\ar41engine\binobjdebug\texture.obj
h:\c++_client\dx11_3d\assort41_dx11_3d\ar41dx\ar41engine\binobjdebug\texturemanager.obj
h:\c++_client\dx11_3d\assort41_dx11_3d\ar41dx\ar41engine\binobjdebug\thread.obj
h:\c++_client\dx11_3d\assort41_dx11_3d\ar41dx\ar41engine\binobjdebug\threadmanager.obj
h:\c++_client\dx11_3d\assort41_dx11_3d\ar41dx\ar41engine\binobjdebug\threadqueue.obj
h:\c++_client\dx11_3d\assort41_dx11_3d\ar41dx\ar41engine\binobjdebug\tile.obj
h:\c++_client\dx11_3d\assort41_dx11_3d\ar41dx\ar41engine\binobjdebug\tilemapbackshader.obj
h:\c++_client\dx11_3d\assort41_dx11_3d\ar41dx\ar41engine\binobjdebug\tilemapcomponent.obj
h:\c++_client\dx11_3d\assort41_dx11_3d\ar41dx\ar41engine\binobjdebug\tilemapconstantbuffer.obj
h:\c++_client\dx11_3d\assort41_dx11_3d\ar41dx\ar41engine\binobjdebug\tilemapshader.obj
h:\c++_client\dx11_3d\assort41_dx11_3d\ar41dx\ar41engine\binobjdebug\timer.obj
h:\c++_client\dx11_3d\assort41_dx11_3d\ar41dx\ar41engine\binobjdebug\transform.obj
h:\c++_client\dx11_3d\assort41_dx11_3d\ar41dx\ar41engine\binobjdebug\transformconstantbuffer.obj
h:\c++_client\dx11_3d\assort41_dx11_3d\ar41dx\ar41engine\binobjdebug\uibutton.obj
h:\c++_client\dx11_3d\assort41_dx11_3d\ar41dx\ar41engine\binobjdebug\uiconstantbuffer.obj
h:\c++_client\dx11_3d\assort41_dx11_3d\ar41dx\ar41engine\binobjdebug\uiimage.obj
h:\c++_client\dx11_3d\assort41_dx11_3d\ar41dx\ar41engine\binobjdebug\uinumber.obj
h:\c++_client\dx11_3d\assort41_dx11_3d\ar41dx\ar41engine\binobjdebug\uiprogressbar.obj
h:\c++_client\dx11_3d\assort41_dx11_3d\ar41dx\ar41engine\binobjdebug\uiprogressbarconstantbuffer.obj
h:\c++_client\dx11_3d\assort41_dx11_3d\ar41dx\ar41engine\binobjdebug\uiprogressbarshader.obj
h:\c++_client\dx11_3d\assort41_dx11_3d\ar41dx\ar41engine\binobjdebug\uishader.obj
h:\c++_client\dx11_3d\assort41_dx11_3d\ar41dx\ar41engine\binobjdebug\uitext.obj
h:\c++_client\dx11_3d\assort41_dx11_3d\ar41dx\ar41engine\binobjdebug\uiwidget.obj
h:\c++_client\dx11_3d\assort41_dx11_3d\ar41dx\ar41engine\binobjdebug\uiwindow.obj
h:\c++_client\dx11_3d\assort41_dx11_3d\ar41dx\ar41engine\binobjdebug\unity_2eualt9nq1ymgbc2.obj
h:\c++_client\dx11_3d\assort41_dx11_3d\ar41dx\ar41engine\binobjdebug\unity_2fyggkg0knp39gtw.obj
h:\c++_client\dx11_3d\assort41_dx11_3d\ar41dx\ar41engine\binobjdebug\unity_2uf6sk0qm57xvrig.obj
h:\c++_client\dx11_3d\assort41_dx11_3d\ar41dx\ar41engine\binobjdebug\unity_8eu0arxr0bufl15p.obj
h:\c++_client\dx11_3d\assort41_dx11_3d\ar41dx\ar41engine\binobjdebug\unity_9ptniqk13sfwhz53.obj
h:\c++_client\dx11_3d\assort41_dx11_3d\ar41dx\ar41engine\binobjdebug\unity_acwz18ulmlva6y8q.obj
h:\c++_client\dx11_3d\assort41_dx11_3d\ar41dx\ar41engine\binobjdebug\unity_bg9h69futn6jm7vc.obj
h:\c++_client\dx11_3d\assort41_dx11_3d\ar41dx\ar41engine\binobjdebug\unity_jddsz8p1cohq7apr.obj
h:\c++_client\dx11_3d\assort41_dx11_3d\ar41dx\ar41engine\binobjdebug\unity_kpkjkmzwpibzc3rx.obj
h:\c++_client\dx11_3d\assort41_dx11_3d\ar41dx\ar41engine\binobjdebug\unity_nly74y370ecxnw1g.obj
h:\c++_client\dx11_3d\assort41_dx11_3d\ar41dx\ar41engine\binobjdebug\unity_tgt613rdd8hj3e8t.obj
h:\c++_client\dx11_3d\assort41_dx11_3d\ar41dx\ar41engine\binobjdebug\unity_vmyg759sd860u0us.obj
h:\c++_client\dx11_3d\assort41_dx11_3d\ar41dx\ar41engine\binobjdebug\unity_w9eykx6ty4rfdqnk.obj
h:\c++_client\dx11_3d\assort41_dx11_3d\ar41dx\ar41engine\binobjdebug\unity_wypuin4sfsszkckt.obj
h:\c++_client\dx11_3d\assort41_dx11_3d\ar41dx\ar41engine\binobjdebug\unity_x3o21l7ytx93htb7.obj
h:\c++_client\dx11_3d\assort41_dx11_3d\ar41dx\ar41engine\binobjdebug\unity_xpaaffvx7bhcsc7o.obj
h:\c++_client\dx11_3d\assort41_dx11_3d\ar41dx\ar41engine\binobjdebug\unity_yv95by9eb1hdwdul.obj
h:\c++_client\dx11_3d\assort41_dx11_3d\ar41dx\ar41engine\binobjdebug\unity_yyjobcdgfwui2m0v.obj
h:\c++_client\dx11_3d\assort41_dx11_3d\ar41dx\ar41engine\binobjdebug\unity_zrf7hvh8gsc0ehl3.obj
h:\c++_client\dx11_3d\assort41_dx11_3d\ar41dx\ar41engine\binobjdebug\vector2.obj
h:\c++_client\dx11_3d\assort41_dx11_3d\ar41dx\ar41engine\binobjdebug\vector3.obj
h:\c++_client\dx11_3d\assort41_dx11_3d\ar41dx\ar41engine\binobjdebug\vector4.obj
h:\c++_client\dx11_3d\assort41_dx11_3d\ar41dx\ar41engine\binobjdebug\transform.obj.enc
h:\c++_client\dx11_3d\assort41_dx11_3d\ar41dx\ar41engine\binobjdebug\ar41engine.idb
h:\c++_client\dx11_3d\assort41_dx11_3d\ar41dx\ar41engine\binobjdebug\ar41engine.pdb
h:\c++_client\dx11_3d\assort41_dx11_3d\ar41dx\ar41engine\binobjdebug\../bin/ar41engine_debug.pdb
h:\c++_client\dx11_3d\assort41_dx11_3d\ar41dx\ar41engine\binobjdebug\../binobjdebug/ar41engine.vcxproj.filelistabsolute.txt
h:\c++_client\dx11_3d\assort41_dx11_3d\ar41dx\ar41engine\binobjdebug\ar41engine.tlog\cl.command.1.tlog
h:\c++_client\dx11_3d\assort41_dx11_3d\ar41dx\ar41engine\binobjdebug\ar41engine.tlog\cl.read.1.tlog
h:\c++_client\dx11_3d\assort41_dx11_3d\ar41dx\ar41engine\binobjdebug\ar41engine.tlog\cl.write.1.tlog
h:\c++_client\dx11_3d\assort41_dx11_3d\ar41dx\ar41engine\binobjdebug\ar41engine.tlog\fxc.command.1.tlog
h:\c++_client\dx11_3d\assort41_dx11_3d\ar41dx\ar41engine\binobjdebug\ar41engine.tlog\fxc.read.1.tlog
h:\c++_client\dx11_3d\assort41_dx11_3d\ar41dx\ar41engine\binobjdebug\ar41engine.tlog\fxc.write.1.tlog
h:\c++_client\dx11_3d\assort41_dx11_3d\ar41dx\ar41engine\binobjdebug\ar41engine.tlog\lib-link.read.1.tlog
h:\c++_client\dx11_3d\assort41_dx11_3d\ar41dx\ar41engine\binobjdebug\ar41engine.tlog\lib-link.write.1.tlog
h:\c++_client\dx11_3d\assort41_dx11_3d\ar41dx\ar41engine\binobjdebug\ar41engine.tlog\lib.command.1.tlog
