FXC : warning X4717: Effects deprecated for D3DCompiler_47
  
  compilation object save succeeded; see D:\c++\Assort41_DX11_3D\AR41DX\AR41Engine\Bin\AnimationUpdate.cso
FXC : warning X4717: Effects deprecated for D3DCompiler_47
  
  compilation object save succeeded; see D:\c++\Assort41_DX11_3D\AR41DX\AR41Engine\Bin\Collider.cso
FXC : warning X4717: Effects deprecated for D3DCompiler_47
  
  compilation object save succeeded; see D:\c++\Assort41_DX11_3D\AR41DX\AR41Engine\Bin\Debug.cso
FXC : warning X4717: Effects deprecated for D3DCompiler_47
  
  compilation object save succeeded; see D:\c++\Assort41_DX11_3D\AR41DX\AR41Engine\Bin\Light.cso
FXC : warning X4717: Effects deprecated for D3DCompiler_47
  
  compilation object save succeeded; see D:\c++\Assort41_DX11_3D\AR41DX\AR41Engine\Bin\Mesh.cso
FXC : warning X4717: Effects deprecated for D3DCompiler_47
  
  compilation object save succeeded; see D:\c++\Assort41_DX11_3D\AR41DX\AR41Engine\Bin\Sky.cso
FXC : warning X4717: Effects deprecated for D3DCompiler_47
  
  compilation object save succeeded; see D:\c++\Assort41_DX11_3D\AR41DX\AR41Engine\Bin\Sprite.cso
FXC : warning X4717: Effects deprecated for D3DCompiler_47
  
  compilation object save succeeded; see D:\c++\Assort41_DX11_3D\AR41DX\AR41Engine\Bin\Terrain.cso
FXC : warning X4717: Effects deprecated for D3DCompiler_47
  
  compilation object save succeeded; see D:\c++\Assort41_DX11_3D\AR41DX\AR41Engine\Bin\TileMap.cso
FXC : warning X4717: Effects deprecated for D3DCompiler_47
  
  compilation object save succeeded; see D:\c++\Assort41_DX11_3D\AR41DX\AR41Engine\Bin\UI.cso
  unity_K7UN7C9Q0SVX5AZA.cpp
  AR41Engine.vcxproj -> D:\c++\Assort41_DX11_3D\AR41DX\AR41Engine\Bin\AR41Engine_Debug.lib
  0개 파일이 복사되었습니다.
  파일을 찾을 수 없습니다-*.inl
  0개 파일이 복사되었습니다.
  0개 파일이 복사되었습니다.
  .\AR41Engine\Bin\AnimationUpdate.cso
  .\AR41Engine\Bin\AR41Engine_Debug.lib
  .\AR41Engine\Bin\Collider.cso
  .\AR41Engine\Bin\Debug.cso
  .\AR41Engine\Bin\Light.cso
  .\AR41Engine\Bin\Mesh.cso
  .\AR41Engine\Bin\Sky.cso
  .\AR41Engine\Bin\Sprite.cso
  .\AR41Engine\Bin\Terrain.cso
  .\AR41Engine\Bin\TileMap.cso
  .\AR41Engine\Bin\UI.cso
  11개 파일이 복사되었습니다.
  .\AR41Engine\Bin\AnimationUpdate.cso
  .\AR41Engine\Bin\AR41Engine_Debug.lib
  .\AR41Engine\Bin\Collider.cso
  .\AR41Engine\Bin\Debug.cso
  .\AR41Engine\Bin\Light.cso
  .\AR41Engine\Bin\Mesh.cso
  .\AR41Engine\Bin\Sky.cso
  .\AR41Engine\Bin\Sprite.cso
  .\AR41Engine\Bin\Terrain.cso
  .\AR41Engine\Bin\TileMap.cso
  .\AR41Engine\Bin\UI.cso
  11개 파일이 복사되었습니다.
  .\AR41Engine\Bin\AnimationUpdate.cso
  .\AR41Engine\Bin\AR41Engine_Debug.lib
  .\AR41Engine\Bin\Collider.cso
  .\AR41Engine\Bin\Debug.cso
  .\AR41Engine\Bin\Light.cso
  .\AR41Engine\Bin\Mesh.cso
  .\AR41Engine\Bin\Sky.cso
  .\AR41Engine\Bin\Sprite.cso
  .\AR41Engine\Bin\Terrain.cso
  .\AR41Engine\Bin\TileMap.cso
  .\AR41Engine\Bin\UI.cso
  11개 파일이 복사되었습니다.
