c:\lecture\41th\ar41editor\binobjdebug\vc143.pdb
c:\lecture\41th\ar41editor\binobjdebug\vc143.idb
c:\lecture\41th\ar41editor\binobjdebug\unity_dvl07mshu9k1zmfs.obj
c:\lecture\41th\ar41editor\binobjdebug\ar41editor.res
c:\lecture\41th\ar41editor\binobjdebug\animation2dwindow.obj
c:\lecture\41th\ar41editor\binobjdebug\bullet.obj
c:\lecture\41th\ar41editor\binobjdebug\camerawidgetlist.obj
c:\lecture\41th\ar41editor\binobjdebug\classwindow.obj
c:\lecture\41th\ar41editor\binobjdebug\componentwidgetlist.obj
c:\lecture\41th\ar41editor\binobjdebug\componentwindow.obj
c:\lecture\41th\ar41editor\binobjdebug\defaultsetting.obj
c:\lecture\41th\ar41editor\binobjdebug\detailwindow.obj
c:\lecture\41th\ar41editor\binobjdebug\editordefaultscene.obj
c:\lecture\41th\ar41editor\binobjdebug\editormanager.obj
c:\lecture\41th\ar41editor\binobjdebug\enginesharesetting.obj
c:\lecture\41th\ar41editor\binobjdebug\loadingsceneinfo.obj
c:\lecture\41th\ar41editor\binobjdebug\loadingui.obj
c:\lecture\41th\ar41editor\binobjdebug\main.obj
c:\lecture\41th\ar41editor\binobjdebug\monster.obj
c:\lecture\41th\ar41editor\binobjdebug\objectwindow.obj
c:\lecture\41th\ar41editor\binobjdebug\player2d.obj
c:\lecture\41th\ar41editor\binobjdebug\primitivewidgetlist.obj
c:\lecture\41th\ar41editor\binobjdebug\resourcewindow.obj
c:\lecture\41th\ar41editor\binobjdebug\scenecomponentwidgetlist.obj
c:\lecture\41th\ar41editor\binobjdebug\scenewindow.obj
c:\lecture\41th\ar41editor\binobjdebug\spritecomponentwidgetlist.obj
c:\lecture\41th\ar41editor\binobjdebug\startsceneui.obj
c:\lecture\41th\ar41editor\binobjdebug\targetarmwidgetlist.obj
c:\lecture\41th\ar41editor\binobjdebug\testwindow.obj
c:\lecture\41th\ar41editor\binobjdebug\tilemapwidgetlist.obj
c:\lecture\41th\ar41editor\binobjdebug\transformwindow.obj
c:\lecture\41th\ar41editor\binobjdebug\unity_k36g34e1wr9lsa0p.obj
c:\lecture\41th\ar41editor\binobjdebug\unity_w21dukpgvcr92bf7.obj
c:\lecture\41th\ar41editor\binobjdebug\vc142.idb
c:\lecture\41th\ar41editor\binobjdebug\vc142.pdb
c:\lecture\41th\ar41editor\binobjdebug\../bin/ar41editor_debug.pdb
c:\lecture\41th\ar41editor\binobjdebug\../bin/ar41editor_debug.ilk
c:\lecture\41th\ar41editor\binobjdebug\../binobjdebug/ar41editor.vcxproj.filelistabsolute.txt
c:\lecture\41th\ar41editor\binobjdebug\ar41editor.tlog\cl.command.1.tlog
c:\lecture\41th\ar41editor\binobjdebug\ar41editor.tlog\cl.read.1.tlog
c:\lecture\41th\ar41editor\binobjdebug\ar41editor.tlog\cl.write.1.tlog
c:\lecture\41th\ar41editor\binobjdebug\ar41editor.tlog\link-cvtres.read.1.tlog
c:\lecture\41th\ar41editor\binobjdebug\ar41editor.tlog\link-cvtres.write.1.tlog
c:\lecture\41th\ar41editor\binobjdebug\ar41editor.tlog\link-rc.read.1.tlog
c:\lecture\41th\ar41editor\binobjdebug\ar41editor.tlog\link-rc.write.1.tlog
c:\lecture\41th\ar41editor\binobjdebug\ar41editor.tlog\link.30012-cvtres.read.1.tlog
c:\lecture\41th\ar41editor\binobjdebug\ar41editor.tlog\link.30012-cvtres.write.1.tlog
c:\lecture\41th\ar41editor\binobjdebug\ar41editor.tlog\link.30012-rc.read.1.tlog
c:\lecture\41th\ar41editor\binobjdebug\ar41editor.tlog\link.30012-rc.write.1.tlog
c:\lecture\41th\ar41editor\binobjdebug\ar41editor.tlog\link.30012.read.1.tlog
c:\lecture\41th\ar41editor\binobjdebug\ar41editor.tlog\link.30012.read.2.tlog
c:\lecture\41th\ar41editor\binobjdebug\ar41editor.tlog\link.30012.write.1.tlog
c:\lecture\41th\ar41editor\binobjdebug\ar41editor.tlog\link.command.1.tlog
c:\lecture\41th\ar41editor\binobjdebug\ar41editor.tlog\link.read.1.tlog
c:\lecture\41th\ar41editor\binobjdebug\ar41editor.tlog\link.read.2.tlog
c:\lecture\41th\ar41editor\binobjdebug\ar41editor.tlog\link.write.1.tlog
c:\lecture\41th\ar41editor\binobjdebug\ar41editor.tlog\rc.command.1.tlog
c:\lecture\41th\ar41editor\binobjdebug\ar41editor.tlog\rc.read.1.tlog
c:\lecture\41th\ar41editor\binobjdebug\ar41editor.tlog\rc.write.1.tlog
